{"/Users/lcxfs1991/web/steamer-plugin-kit/index.js":{"path":"/Users/lcxfs1991/web/steamer-plugin-kit/index.js","s":{"1":1,"2":1,"3":1,"4":1,"5":6,"6":1,"7":6,"8":6,"9":6,"10":6,"11":6,"12":3,"13":3,"14":3,"15":3,"16":3,"17":1,"18":2,"19":3,"20":3,"21":3,"22":3,"23":3,"24":1,"25":1,"26":1,"27":1,"28":1,"29":1,"30":2,"31":2,"32":3,"33":0,"34":5,"35":5,"36":5,"37":0,"38":5,"39":5,"40":5,"41":5,"42":3,"43":2,"44":2,"45":1,"46":4,"47":4,"48":1,"49":3,"50":3,"51":4,"52":4,"53":1,"54":3,"55":3,"56":1,"57":2,"58":2,"59":1,"60":2,"61":14,"62":14,"63":14,"64":12,"65":0,"66":2,"67":2,"68":1,"69":5,"70":5,"71":1,"72":5,"73":5,"74":5,"75":5,"76":5,"77":5,"78":5,"79":5,"80":5,"81":5,"82":5,"83":5,"84":5,"85":5,"86":5,"87":3,"88":3,"89":5,"90":1,"91":5,"92":5,"93":5,"94":5,"95":5,"96":1,"97":3,"98":3,"99":9,"100":9,"101":1,"102":3,"103":9,"104":1,"105":3,"106":3,"107":1,"108":3,"109":3,"110":1,"111":2,"112":2,"113":2,"114":2,"115":2,"116":2,"117":2,"118":2,"119":2,"120":2,"121":2,"122":2,"123":2,"124":2,"125":2,"126":2,"127":1,"128":2,"129":2,"130":2,"131":2,"132":0,"133":1,"134":3,"135":3,"136":3,"137":3,"138":3,"139":1},"b":{"1":[6,3,3],"2":[6,3,3],"3":[3,3],"4":[6,3],"5":[3,3,3],"6":[1,2],"7":[3,0],"8":[3,1],"9":[1,2],"10":[3,3],"11":[0,3],"12":[3,3],"13":[3,2],"14":[2,0],"15":[1,3],"16":[0,1],"17":[3,0],"18":[0,3],"19":[1,2],"20":[2,0],"21":[12,2],"22":[5,0],"23":[5,5],"24":[5,0],"25":[5,0],"26":[5,0],"27":[5,0],"28":[5,0],"29":[5,0],"30":[5,0],"31":[3,2],"32":[3,0],"33":[2,0],"34":[2,0],"35":[2,0],"36":[2,0],"37":[0,2]},"f":{"1":6,"2":6,"3":4,"4":3,"5":2,"6":5,"7":5,"8":5,"9":3,"10":3,"11":3,"12":3,"13":2,"14":2,"15":3},"fnMap":{"1":{"name":"KitPlugin","line":14,"loc":{"start":{"line":14,"column":0},"end":{"line":14,"column":25}}},"2":{"name":"(anonymous_2)","line":18,"loc":{"start":{"line":18,"column":27},"end":{"line":18,"column":38}}},"3":{"name":"(anonymous_3)","line":115,"loc":{"start":{"line":115,"column":33},"end":{"line":115,"column":47}}},"4":{"name":"(anonymous_4)","line":130,"loc":{"start":{"line":130,"column":36},"end":{"line":130,"column":50}}},"5":{"name":"(anonymous_5)","line":148,"loc":{"start":{"line":148,"column":32},"end":{"line":148,"column":76}}},"6":{"name":"(anonymous_6)","line":172,"loc":{"start":{"line":172,"column":33},"end":{"line":172,"column":51}}},"7":{"name":"(anonymous_7)","line":185,"loc":{"start":{"line":185,"column":34},"end":{"line":185,"column":51}}},"8":{"name":"(anonymous_8)","line":221,"loc":{"start":{"line":221,"column":38},"end":{"line":221,"column":54}}},"9":{"name":"(anonymous_9)","line":240,"loc":{"start":{"line":240,"column":34},"end":{"line":240,"column":60}}},"10":{"name":"(anonymous_10)","line":255,"loc":{"start":{"line":255,"column":38},"end":{"line":255,"column":73}}},"11":{"name":"(anonymous_11)","line":269,"loc":{"start":{"line":269,"column":40},"end":{"line":269,"column":62}}},"12":{"name":"(anonymous_12)","line":288,"loc":{"start":{"line":288,"column":38},"end":{"line":288,"column":49}}},"13":{"name":"(anonymous_13)","line":298,"loc":{"start":{"line":298,"column":30},"end":{"line":298,"column":45}}},"14":{"name":"(anonymous_14)","line":350,"loc":{"start":{"line":350,"column":33},"end":{"line":350,"column":66}}},"15":{"name":"(anonymous_15)","line":367,"loc":{"start":{"line":367,"column":29},"end":{"line":367,"column":44}}}},"statementMap":{"1":{"start":{"line":3,"column":0},"end":{"line":8,"column":34}},"2":{"start":{"line":10,"column":0},"end":{"line":10,"column":50}},"3":{"start":{"line":12,"column":0},"end":{"line":12,"column":26}},"4":{"start":{"line":14,"column":0},"end":{"line":16,"column":1}},"5":{"start":{"line":15,"column":1},"end":{"line":15,"column":18}},"6":{"start":{"line":18,"column":0},"end":{"line":108,"column":2}},"7":{"start":{"line":20,"column":1},"end":{"line":20,"column":24}},"8":{"start":{"line":22,"column":1},"end":{"line":22,"column":22}},"9":{"start":{"line":23,"column":1},"end":{"line":25,"column":16}},"10":{"start":{"line":27,"column":1},"end":{"line":28,"column":44}},"11":{"start":{"line":30,"column":1},"end":{"line":67,"column":2}},"12":{"start":{"line":31,"column":2},"end":{"line":31,"column":41}},"13":{"start":{"line":32,"column":2},"end":{"line":32,"column":18}},"14":{"start":{"line":33,"column":2},"end":{"line":33,"column":52}},"15":{"start":{"line":34,"column":2},"end":{"line":34,"column":58}},"16":{"start":{"line":36,"column":2},"end":{"line":38,"column":3}},"17":{"start":{"line":37,"column":3},"end":{"line":37,"column":45}},"18":{"start":{"line":40,"column":2},"end":{"line":40,"column":27}},"19":{"start":{"line":42,"column":6},"end":{"line":67,"column":2}},"20":{"start":{"line":43,"column":2},"end":{"line":43,"column":39}},"21":{"start":{"line":44,"column":2},"end":{"line":44,"column":32}},"22":{"start":{"line":45,"column":2},"end":{"line":45,"column":26}},"23":{"start":{"line":48,"column":2},"end":{"line":61,"column":3}},"24":{"start":{"line":49,"column":3},"end":{"line":49,"column":20}},"25":{"start":{"line":50,"column":3},"end":{"line":50,"column":47}},"26":{"start":{"line":51,"column":3},"end":{"line":51,"column":25}},"27":{"start":{"line":53,"column":3},"end":{"line":53,"column":53}},"28":{"start":{"line":54,"column":3},"end":{"line":54,"column":28}},"29":{"start":{"line":56,"column":3},"end":{"line":56,"column":59}},"30":{"start":{"line":59,"column":3},"end":{"line":59,"column":53}},"31":{"start":{"line":60,"column":3},"end":{"line":60,"column":28}},"32":{"start":{"line":63,"column":2},"end":{"line":65,"column":3}},"33":{"start":{"line":64,"column":3},"end":{"line":64,"column":69}},"34":{"start":{"line":69,"column":1},"end":{"line":69,"column":20}},"35":{"start":{"line":71,"column":1},"end":{"line":76,"column":2}},"36":{"start":{"line":72,"column":2},"end":{"line":72,"column":27}},"37":{"start":{"line":75,"column":2},"end":{"line":75,"column":58}},"38":{"start":{"line":78,"column":1},"end":{"line":78,"column":54}},"39":{"start":{"line":80,"column":1},"end":{"line":80,"column":54}},"40":{"start":{"line":92,"column":1},"end":{"line":100,"column":3}},"41":{"start":{"line":102,"column":1},"end":{"line":107,"column":2}},"42":{"start":{"line":103,"column":2},"end":{"line":103,"column":20}},"43":{"start":{"line":105,"column":6},"end":{"line":107,"column":2}},"44":{"start":{"line":106,"column":2},"end":{"line":106,"column":21}},"45":{"start":{"line":115,"column":0},"end":{"line":128,"column":2}},"46":{"start":{"line":116,"column":1},"end":{"line":116,"column":29}},"47":{"start":{"line":118,"column":1},"end":{"line":123,"column":2}},"48":{"start":{"line":119,"column":2},"end":{"line":119,"column":78}},"49":{"start":{"line":121,"column":6},"end":{"line":123,"column":2}},"50":{"start":{"line":122,"column":2},"end":{"line":122,"column":78}},"51":{"start":{"line":125,"column":1},"end":{"line":125,"column":24}},"52":{"start":{"line":127,"column":1},"end":{"line":127,"column":12}},"53":{"start":{"line":130,"column":0},"end":{"line":140,"column":2}},"54":{"start":{"line":131,"column":1},"end":{"line":131,"column":29}},"55":{"start":{"line":133,"column":1},"end":{"line":138,"column":2}},"56":{"start":{"line":134,"column":2},"end":{"line":134,"column":19}},"57":{"start":{"line":136,"column":6},"end":{"line":138,"column":2}},"58":{"start":{"line":137,"column":2},"end":{"line":137,"column":19}},"59":{"start":{"line":148,"column":0},"end":{"line":166,"column":2}},"60":{"start":{"line":150,"column":1},"end":{"line":162,"column":4}},"61":{"start":{"line":151,"column":2},"end":{"line":161,"column":3}},"62":{"start":{"line":152,"column":3},"end":{"line":153,"column":39}},"63":{"start":{"line":155,"column":3},"end":{"line":157,"column":4}},"64":{"start":{"line":156,"column":4},"end":{"line":156,"column":35}},"65":{"start":{"line":160,"column":3},"end":{"line":160,"column":24}},"66":{"start":{"line":164,"column":1},"end":{"line":164,"column":66}},"67":{"start":{"line":165,"column":1},"end":{"line":165,"column":120}},"68":{"start":{"line":172,"column":0},"end":{"line":178,"column":2}},"69":{"start":{"line":174,"column":1},"end":{"line":174,"column":57}},"70":{"start":{"line":176,"column":1},"end":{"line":176,"column":66}},"71":{"start":{"line":185,"column":0},"end":{"line":219,"column":2}},"72":{"start":{"line":186,"column":1},"end":{"line":194,"column":3}},"73":{"start":{"line":196,"column":1},"end":{"line":196,"column":31}},"74":{"start":{"line":198,"column":1},"end":{"line":198,"column":32}},"75":{"start":{"line":199,"column":1},"end":{"line":199,"column":38}},"76":{"start":{"line":200,"column":1},"end":{"line":201,"column":36}},"77":{"start":{"line":202,"column":1},"end":{"line":202,"column":52}},"78":{"start":{"line":203,"column":1},"end":{"line":203,"column":50}},"79":{"start":{"line":204,"column":1},"end":{"line":204,"column":38}},"80":{"start":{"line":205,"column":1},"end":{"line":205,"column":42}},"81":{"start":{"line":206,"column":1},"end":{"line":206,"column":54}},"82":{"start":{"line":207,"column":1},"end":{"line":207,"column":60}},"83":{"start":{"line":208,"column":1},"end":{"line":208,"column":62}},"84":{"start":{"line":209,"column":1},"end":{"line":209,"column":44}},"85":{"start":{"line":211,"column":1},"end":{"line":211,"column":53}},"86":{"start":{"line":213,"column":1},"end":{"line":216,"column":2}},"87":{"start":{"line":214,"column":2},"end":{"line":214,"column":81}},"88":{"start":{"line":215,"column":2},"end":{"line":215,"column":49}},"89":{"start":{"line":218,"column":1},"end":{"line":218,"column":96}},"90":{"start":{"line":221,"column":0},"end":{"line":232,"column":2}},"91":{"start":{"line":223,"column":1},"end":{"line":223,"column":12}},"92":{"start":{"line":225,"column":1},"end":{"line":225,"column":21}},"93":{"start":{"line":227,"column":1},"end":{"line":227,"column":47}},"94":{"start":{"line":229,"column":1},"end":{"line":229,"column":15}},"95":{"start":{"line":231,"column":1},"end":{"line":231,"column":10}},"96":{"start":{"line":240,"column":0},"end":{"line":246,"column":2}},"97":{"start":{"line":241,"column":1},"end":{"line":241,"column":41}},"98":{"start":{"line":242,"column":1},"end":{"line":245,"column":4}},"99":{"start":{"line":243,"column":2},"end":{"line":243,"column":76}},"100":{"start":{"line":244,"column":2},"end":{"line":244,"column":41}},"101":{"start":{"line":255,"column":0},"end":{"line":261,"column":2}},"102":{"start":{"line":257,"column":1},"end":{"line":259,"column":4}},"103":{"start":{"line":258,"column":2},"end":{"line":258,"column":65}},"104":{"start":{"line":269,"column":0},"end":{"line":280,"column":2}},"105":{"start":{"line":271,"column":1},"end":{"line":274,"column":3}},"106":{"start":{"line":276,"column":1},"end":{"line":279,"column":4}},"107":{"start":{"line":288,"column":0},"end":{"line":292,"column":2}},"108":{"start":{"line":289,"column":1},"end":{"line":289,"column":17}},"109":{"start":{"line":291,"column":1},"end":{"line":291,"column":35}},"110":{"start":{"line":298,"column":0},"end":{"line":343,"column":2}},"111":{"start":{"line":300,"column":1},"end":{"line":305,"column":37}},"112":{"start":{"line":307,"column":1},"end":{"line":307,"column":19}},"113":{"start":{"line":309,"column":1},"end":{"line":314,"column":7}},"114":{"start":{"line":316,"column":1},"end":{"line":342,"column":4}},"115":{"start":{"line":319,"column":2},"end":{"line":319,"column":24}},"116":{"start":{"line":320,"column":2},"end":{"line":320,"column":24}},"117":{"start":{"line":323,"column":2},"end":{"line":323,"column":63}},"118":{"start":{"line":324,"column":2},"end":{"line":324,"column":51}},"119":{"start":{"line":325,"column":2},"end":{"line":325,"column":38}},"120":{"start":{"line":326,"column":2},"end":{"line":326,"column":39}},"121":{"start":{"line":328,"column":2},"end":{"line":328,"column":32}},"122":{"start":{"line":331,"column":2},"end":{"line":331,"column":52}},"123":{"start":{"line":333,"column":2},"end":{"line":333,"column":27}},"124":{"start":{"line":336,"column":2},"end":{"line":336,"column":38}},"125":{"start":{"line":338,"column":2},"end":{"line":338,"column":39}},"126":{"start":{"line":340,"column":2},"end":{"line":340,"column":31}},"127":{"start":{"line":350,"column":0},"end":{"line":361,"column":2}},"128":{"start":{"line":352,"column":1},"end":{"line":352,"column":53}},"129":{"start":{"line":354,"column":1},"end":{"line":354,"column":37}},"130":{"start":{"line":356,"column":1},"end":{"line":356,"column":68}},"131":{"start":{"line":358,"column":1},"end":{"line":360,"column":2}},"132":{"start":{"line":359,"column":2},"end":{"line":359,"column":81}},"133":{"start":{"line":367,"column":0},"end":{"line":381,"column":2}},"134":{"start":{"line":368,"column":1},"end":{"line":371,"column":25}},"135":{"start":{"line":373,"column":1},"end":{"line":373,"column":35}},"136":{"start":{"line":376,"column":1},"end":{"line":376,"column":48}},"137":{"start":{"line":378,"column":1},"end":{"line":378,"column":26}},"138":{"start":{"line":380,"column":1},"end":{"line":380,"column":37}},"139":{"start":{"line":384,"column":0},"end":{"line":384,"column":27}}},"branchMap":{"1":{"line":27,"type":"binary-expr","locations":[{"start":{"line":27,"column":17},"end":{"line":27,"column":29}},{"start":{"line":27,"column":33},"end":{"line":27,"column":39}},{"start":{"line":27,"column":43},"end":{"line":27,"column":48}}]},"2":{"line":28,"type":"binary-expr","locations":[{"start":{"line":28,"column":13},"end":{"line":28,"column":24}},{"start":{"line":28,"column":28},"end":{"line":28,"column":34}},{"start":{"line":28,"column":38},"end":{"line":28,"column":43}}]},"3":{"line":30,"type":"if","locations":[{"start":{"line":30,"column":1},"end":{"line":30,"column":1}},{"start":{"line":30,"column":1},"end":{"line":30,"column":1}}]},"4":{"line":30,"type":"binary-expr","locations":[{"start":{"line":30,"column":5},"end":{"line":30,"column":14}},{"start":{"line":30,"column":18},"end":{"line":30,"column":36}}]},"5":{"line":34,"type":"binary-expr","locations":[{"start":{"line":34,"column":11},"end":{"line":34,"column":20}},{"start":{"line":34,"column":24},"end":{"line":34,"column":30}},{"start":{"line":34,"column":34},"end":{"line":34,"column":57}}]},"6":{"line":36,"type":"if","locations":[{"start":{"line":36,"column":2},"end":{"line":36,"column":2}},{"start":{"line":36,"column":2},"end":{"line":36,"column":2}}]},"7":{"line":42,"type":"if","locations":[{"start":{"line":42,"column":6},"end":{"line":42,"column":6}},{"start":{"line":42,"column":6},"end":{"line":42,"column":6}}]},"8":{"line":44,"type":"binary-expr","locations":[{"start":{"line":44,"column":8},"end":{"line":44,"column":23}},{"start":{"line":44,"column":27},"end":{"line":44,"column":31}}]},"9":{"line":48,"type":"if","locations":[{"start":{"line":48,"column":2},"end":{"line":48,"column":2}},{"start":{"line":48,"column":2},"end":{"line":48,"column":2}}]},"10":{"line":48,"type":"binary-expr","locations":[{"start":{"line":48,"column":6},"end":{"line":48,"column":14}},{"start":{"line":48,"column":18},"end":{"line":48,"column":35}}]},"11":{"line":63,"type":"if","locations":[{"start":{"line":63,"column":2},"end":{"line":63,"column":2}},{"start":{"line":63,"column":2},"end":{"line":63,"column":2}}]},"12":{"line":63,"type":"binary-expr","locations":[{"start":{"line":63,"column":6},"end":{"line":63,"column":18}},{"start":{"line":63,"column":22},"end":{"line":63,"column":38}}]},"13":{"line":102,"type":"if","locations":[{"start":{"line":102,"column":1},"end":{"line":102,"column":1}},{"start":{"line":102,"column":1},"end":{"line":102,"column":1}}]},"14":{"line":105,"type":"if","locations":[{"start":{"line":105,"column":6},"end":{"line":105,"column":6}},{"start":{"line":105,"column":6},"end":{"line":105,"column":6}}]},"15":{"line":118,"type":"if","locations":[{"start":{"line":118,"column":1},"end":{"line":118,"column":1}},{"start":{"line":118,"column":1},"end":{"line":118,"column":1}}]},"16":{"line":119,"type":"cond-expr","locations":[{"start":{"line":119,"column":47},"end":{"line":119,"column":56}},{"start":{"line":119,"column":59},"end":{"line":119,"column":77}}]},"17":{"line":121,"type":"if","locations":[{"start":{"line":121,"column":6},"end":{"line":121,"column":6}},{"start":{"line":121,"column":6},"end":{"line":121,"column":6}}]},"18":{"line":122,"type":"cond-expr","locations":[{"start":{"line":122,"column":47},"end":{"line":122,"column":56}},{"start":{"line":122,"column":59},"end":{"line":122,"column":77}}]},"19":{"line":133,"type":"if","locations":[{"start":{"line":133,"column":1},"end":{"line":133,"column":1}},{"start":{"line":133,"column":1},"end":{"line":133,"column":1}}]},"20":{"line":136,"type":"if","locations":[{"start":{"line":136,"column":6},"end":{"line":136,"column":6}},{"start":{"line":136,"column":6},"end":{"line":136,"column":6}}]},"21":{"line":155,"type":"if","locations":[{"start":{"line":155,"column":3},"end":{"line":155,"column":3}},{"start":{"line":155,"column":3},"end":{"line":155,"column":3}}]},"22":{"line":200,"type":"binary-expr","locations":[{"start":{"line":200,"column":16},"end":{"line":200,"column":31}},{"start":{"line":200,"column":35},"end":{"line":200,"column":37}}]},"23":{"line":201,"type":"binary-expr","locations":[{"start":{"line":201,"column":15},"end":{"line":201,"column":29}},{"start":{"line":201,"column":33},"end":{"line":201,"column":35}}]},"24":{"line":202,"type":"binary-expr","locations":[{"start":{"line":202,"column":23},"end":{"line":202,"column":45}},{"start":{"line":202,"column":49},"end":{"line":202,"column":51}}]},"25":{"line":203,"type":"binary-expr","locations":[{"start":{"line":203,"column":22},"end":{"line":203,"column":43}},{"start":{"line":203,"column":47},"end":{"line":203,"column":49}}]},"26":{"line":205,"type":"binary-expr","locations":[{"start":{"line":205,"column":18},"end":{"line":205,"column":35}},{"start":{"line":205,"column":39},"end":{"line":205,"column":41}}]},"27":{"line":206,"type":"binary-expr","locations":[{"start":{"line":206,"column":24},"end":{"line":206,"column":47}},{"start":{"line":206,"column":51},"end":{"line":206,"column":53}}]},"28":{"line":207,"type":"binary-expr","locations":[{"start":{"line":207,"column":27},"end":{"line":207,"column":53}},{"start":{"line":207,"column":57},"end":{"line":207,"column":59}}]},"29":{"line":208,"type":"binary-expr","locations":[{"start":{"line":208,"column":28},"end":{"line":208,"column":55}},{"start":{"line":208,"column":59},"end":{"line":208,"column":61}}]},"30":{"line":209,"type":"binary-expr","locations":[{"start":{"line":209,"column":19},"end":{"line":209,"column":37}},{"start":{"line":209,"column":41},"end":{"line":209,"column":43}}]},"31":{"line":213,"type":"if","locations":[{"start":{"line":213,"column":1},"end":{"line":213,"column":1}},{"start":{"line":213,"column":1},"end":{"line":213,"column":1}}]},"32":{"line":214,"type":"binary-expr","locations":[{"start":{"line":214,"column":34},"end":{"line":214,"column":71}},{"start":{"line":214,"column":75},"end":{"line":214,"column":79}}]},"33":{"line":323,"type":"binary-expr","locations":[{"start":{"line":323,"column":22},"end":{"line":323,"column":39}},{"start":{"line":323,"column":43},"end":{"line":323,"column":62}}]},"34":{"line":324,"type":"binary-expr","locations":[{"start":{"line":324,"column":16},"end":{"line":324,"column":27}},{"start":{"line":324,"column":31},"end":{"line":324,"column":50}}]},"35":{"line":325,"type":"binary-expr","locations":[{"start":{"line":325,"column":17},"end":{"line":325,"column":29}},{"start":{"line":325,"column":33},"end":{"line":325,"column":37}}]},"36":{"line":326,"type":"binary-expr","locations":[{"start":{"line":326,"column":18},"end":{"line":326,"column":31}},{"start":{"line":326,"column":35},"end":{"line":326,"column":38}}]},"37":{"line":358,"type":"if","locations":[{"start":{"line":358,"column":1},"end":{"line":358,"column":1}},{"start":{"line":358,"column":1},"end":{"line":358,"column":1}}]}}}}