TN:
SF:/Users/lcxfs1991/web/steamer-plugin-kit/index.js
FN:14,KitPlugin
FN:18,(anonymous_2)
FN:115,(anonymous_3)
FN:130,(anonymous_4)
FN:148,(anonymous_5)
FN:172,(anonymous_6)
FN:185,(anonymous_7)
FN:221,(anonymous_8)
FN:240,(anonymous_9)
FN:255,(anonymous_10)
FN:269,(anonymous_11)
FN:288,(anonymous_12)
FN:298,(anonymous_13)
FN:350,(anonymous_14)
FN:367,(anonymous_15)
FNF:15
FNH:15
FNDA:6,KitPlugin
FNDA:6,(anonymous_2)
FNDA:4,(anonymous_3)
FNDA:3,(anonymous_4)
FNDA:2,(anonymous_5)
FNDA:5,(anonymous_6)
FNDA:5,(anonymous_7)
FNDA:5,(anonymous_8)
FNDA:3,(anonymous_9)
FNDA:3,(anonymous_10)
FNDA:3,(anonymous_11)
FNDA:3,(anonymous_12)
FNDA:2,(anonymous_13)
FNDA:2,(anonymous_14)
FNDA:3,(anonymous_15)
DA:3,1
DA:10,1
DA:12,1
DA:14,1
DA:15,6
DA:18,1
DA:20,6
DA:22,6
DA:23,6
DA:27,6
DA:30,6
DA:31,3
DA:32,3
DA:33,3
DA:34,3
DA:36,3
DA:37,1
DA:40,2
DA:42,3
DA:43,3
DA:44,3
DA:45,3
DA:48,3
DA:49,1
DA:50,1
DA:51,1
DA:53,1
DA:54,1
DA:56,1
DA:59,2
DA:60,2
DA:63,3
DA:64,0
DA:69,5
DA:71,5
DA:72,5
DA:75,0
DA:78,5
DA:80,5
DA:92,5
DA:102,5
DA:103,3
DA:105,2
DA:106,2
DA:115,1
DA:116,4
DA:118,4
DA:119,1
DA:121,3
DA:122,3
DA:125,4
DA:127,4
DA:130,1
DA:131,3
DA:133,3
DA:134,1
DA:136,2
DA:137,2
DA:148,1
DA:150,2
DA:151,14
DA:152,14
DA:155,14
DA:156,12
DA:160,0
DA:164,2
DA:165,2
DA:172,1
DA:174,5
DA:176,5
DA:185,1
DA:186,5
DA:196,5
DA:198,5
DA:199,5
DA:200,5
DA:202,5
DA:203,5
DA:204,5
DA:205,5
DA:206,5
DA:207,5
DA:208,5
DA:209,5
DA:211,5
DA:213,5
DA:214,3
DA:215,3
DA:218,5
DA:221,1
DA:223,5
DA:225,5
DA:227,5
DA:229,5
DA:231,5
DA:240,1
DA:241,3
DA:242,3
DA:243,9
DA:244,9
DA:255,1
DA:257,3
DA:258,9
DA:269,1
DA:271,3
DA:276,3
DA:288,1
DA:289,3
DA:291,3
DA:298,1
DA:300,2
DA:307,2
DA:309,2
DA:316,2
DA:319,2
DA:320,2
DA:323,2
DA:324,2
DA:325,2
DA:326,2
DA:328,2
DA:331,2
DA:333,2
DA:336,2
DA:338,2
DA:340,2
DA:350,1
DA:352,2
DA:354,2
DA:356,2
DA:358,2
DA:359,0
DA:367,1
DA:368,3
DA:373,3
DA:376,3
DA:378,3
DA:380,3
DA:384,1
LF:139
LH:135
BRDA:27,1,0,6
BRDA:27,1,1,3
BRDA:27,1,2,3
BRDA:28,2,0,6
BRDA:28,2,1,3
BRDA:28,2,2,3
BRDA:30,3,0,3
BRDA:30,3,1,3
BRDA:30,4,0,6
BRDA:30,4,1,3
BRDA:34,5,0,3
BRDA:34,5,1,3
BRDA:34,5,2,3
BRDA:36,6,0,1
BRDA:36,6,1,2
BRDA:42,7,0,3
BRDA:42,7,1,0
BRDA:44,8,0,3
BRDA:44,8,1,1
BRDA:48,9,0,1
BRDA:48,9,1,2
BRDA:48,10,0,3
BRDA:48,10,1,3
BRDA:63,11,0,0
BRDA:63,11,1,3
BRDA:63,12,0,3
BRDA:63,12,1,3
BRDA:102,13,0,3
BRDA:102,13,1,2
BRDA:105,14,0,2
BRDA:105,14,1,0
BRDA:118,15,0,1
BRDA:118,15,1,3
BRDA:119,16,0,0
BRDA:119,16,1,1
BRDA:121,17,0,3
BRDA:121,17,1,0
BRDA:122,18,0,0
BRDA:122,18,1,3
BRDA:133,19,0,1
BRDA:133,19,1,2
BRDA:136,20,0,2
BRDA:136,20,1,0
BRDA:155,21,0,12
BRDA:155,21,1,2
BRDA:200,22,0,5
BRDA:200,22,1,0
BRDA:201,23,0,5
BRDA:201,23,1,5
BRDA:202,24,0,5
BRDA:202,24,1,0
BRDA:203,25,0,5
BRDA:203,25,1,0
BRDA:205,26,0,5
BRDA:205,26,1,0
BRDA:206,27,0,5
BRDA:206,27,1,0
BRDA:207,28,0,5
BRDA:207,28,1,0
BRDA:208,29,0,5
BRDA:208,29,1,0
BRDA:209,30,0,5
BRDA:209,30,1,0
BRDA:213,31,0,3
BRDA:213,31,1,2
BRDA:214,32,0,3
BRDA:214,32,1,0
BRDA:323,33,0,2
BRDA:323,33,1,0
BRDA:324,34,0,2
BRDA:324,34,1,0
BRDA:325,35,0,2
BRDA:325,35,1,0
BRDA:326,36,0,2
BRDA:326,36,1,0
BRDA:358,37,0,0
BRDA:358,37,1,2
BRF:77
BRH:56
end_of_record
